0 info it worked if it ends with ok
1 verbose cli [ '/usr/local/Cellar/node/5.3.0/bin/node',
1 verbose cli   '/usr/local/bin/npm',
1 verbose cli   'publish',
1 verbose cli   './' ]
2 info using npm@3.8.6
3 info using node@v5.3.0
4 verbose publish [ './' ]
5 silly cache add args [ './', null ]
6 verbose cache add spec ./
7 silly cache add parsed spec Result {
7 silly cache add   raw: './',
7 silly cache add   scope: null,
7 silly cache add   name: null,
7 silly cache add   rawSpec: './',
7 silly cache add   spec: '/Users/ably/code/npm/packages/lari-select',
7 silly cache add   type: 'directory' }
8 verbose addLocalDirectory /Users/ably/.npm/lari-select/0.0.1/package.tgz not in flight; packing
9 verbose correctMkdir /Users/ably/.npm correctMkdir not in flight; initializing
10 info lifecycle lari-select@0.0.1~prepublish: lari-select@0.0.1
11 silly lifecycle lari-select@0.0.1~prepublish: no script for prepublish, continuing
12 verbose tar pack [ '/Users/ably/.npm/lari-select/0.0.1/package.tgz',
12 verbose tar pack   '/Users/ably/code/npm/packages/lari-select' ]
13 verbose tarball /Users/ably/.npm/lari-select/0.0.1/package.tgz
14 verbose folder /Users/ably/code/npm/packages/lari-select
15 verbose addLocalTarball adding from inside cache /Users/ably/.npm/lari-select/0.0.1/package.tgz
16 verbose correctMkdir /Users/ably/.npm correctMkdir not in flight; initializing
17 silly cache afterAdd lari-select@0.0.1
18 verbose afterAdd /Users/ably/.npm/lari-select/0.0.1/package/package.json not in flight; writing
19 verbose correctMkdir /Users/ably/.npm correctMkdir not in flight; initializing
20 verbose afterAdd /Users/ably/.npm/lari-select/0.0.1/package/package.json written
21 silly publish { name: 'lari-select',
21 silly publish   version: '0.0.1',
21 silly publish   description: 'Vue Select Component',
21 silly publish   main: 'src/Index.vue',
21 silly publish   peerDependencies: { vue: '^2.0.1', 'vue-resource': '^1.0.3' },
21 silly publish   repository:
21 silly publish    { type: 'git',
21 silly publish      url: 'git+https://github.com/ablydev/lari-select.git' },
21 silly publish   keywords:
21 silly publish    [ 'vue',
21 silly publish      'vue-resource',
21 silly publish      'select',
21 silly publish      'tags',
21 silly publish      'lari',
21 silly publish      'select2',
21 silly publish      'multiselect' ],
21 silly publish   author: { name: 'Sebastian Szczepanski', email: 'sebastian@ably.pl' },
21 silly publish   license: 'MIT',
21 silly publish   readme: '# Lari Select\n\nSelect component for vuejs\n\n## Installation\n\n```\n$ npm install lari-select --save\n```\n\n## Examples\n\n### Single Select\n\n```vue\n<template>\n\n</template>\n\n<script>\n\n</script>\n```\n\n### Multiple\n\n```vue\n<template>\n\n</template>\n\n<script>\n\n</script>\n```\n\n## Badges\n\n![](https://img.shields.io/badge/license-MIT-blue.svg)\n![](https://img.shields.io/badge/status-stable-green.svg)\n\n---\n',
21 silly publish   readmeFilename: 'README.md',
21 silly publish   gitHead: 'b9e88af2be7dca6ba3fc62f31e38697d88ad08e9',
21 silly publish   bugs: { url: 'https://github.com/ablydev/lari-select/issues' },
21 silly publish   homepage: 'https://github.com/ablydev/lari-select#readme',
21 silly publish   _id: 'lari-select@0.0.1',
21 silly publish   scripts: {},
21 silly publish   _shasum: '82cc9cbb4e42c14c63c0bac73594b5eef7d25589',
21 silly publish   _from: '.' }
22 verbose getPublishConfig undefined
23 silly mapToRegistry name lari-select
24 silly mapToRegistry using default registry
25 silly mapToRegistry registry https://registry.npmjs.org/
26 silly mapToRegistry data Result {
26 silly mapToRegistry   raw: 'lari-select',
26 silly mapToRegistry   scope: null,
26 silly mapToRegistry   name: 'lari-select',
26 silly mapToRegistry   rawSpec: '',
26 silly mapToRegistry   spec: 'latest',
26 silly mapToRegistry   type: 'tag' }
27 silly mapToRegistry uri https://registry.npmjs.org/lari-select
28 verbose publish registryBase https://registry.npmjs.org/
29 silly publish uploading /Users/ably/.npm/lari-select/0.0.1/package.tgz
30 verbose request uri https://registry.npmjs.org/lari-select
31 verbose request sending authorization for write operation
32 info attempt registry request try #1 at 22:11:33
33 verbose request using bearer token for auth
34 verbose request id 187db70c16071893
35 http request PUT https://registry.npmjs.org/lari-select
36 http 403 https://registry.npmjs.org/lari-select
37 verbose headers { 'content-type': 'application/json',
37 verbose headers   'cache-control': 'max-age=300',
37 verbose headers   'content-length': '95',
37 verbose headers   'accept-ranges': 'bytes',
37 verbose headers   date: 'Thu, 13 Oct 2016 20:11:35 GMT',
37 verbose headers   via: '1.1 varnish',
37 verbose headers   connection: 'keep-alive',
37 verbose headers   'x-served-by': 'cache-fra1246-FRA',
37 verbose headers   'x-cache': 'MISS',
37 verbose headers   'x-cache-hits': '0',
37 verbose headers   'x-timer': 'S1476389494.561389,VS0,VE1217',
37 verbose headers   vary: 'Accept-Encoding' }
38 verbose request invalidating /Users/ably/.npm/registry.npmjs.org/lari-select on PUT
39 error publish Failed PUT 403
40 verbose stack Error: "You cannot publish over the previously published version 0.0.1." : lari-select
40 verbose stack     at makeError (/usr/local/lib/node_modules/npm/node_modules/npm-registry-client/lib/request.js:264:12)
40 verbose stack     at CachingRegistryClient.<anonymous> (/usr/local/lib/node_modules/npm/node_modules/npm-registry-client/lib/request.js:252:14)
40 verbose stack     at Request._callback (/usr/local/lib/node_modules/npm/node_modules/npm-registry-client/lib/request.js:172:14)
40 verbose stack     at Request.self.callback (/usr/local/lib/node_modules/npm/node_modules/request/request.js:199:22)
40 verbose stack     at emitTwo (events.js:87:13)
40 verbose stack     at Request.emit (events.js:172:7)
40 verbose stack     at Request.<anonymous> (/usr/local/lib/node_modules/npm/node_modules/request/request.js:1036:10)
40 verbose stack     at emitOne (events.js:82:20)
40 verbose stack     at Request.emit (events.js:169:7)
40 verbose stack     at IncomingMessage.<anonymous> (/usr/local/lib/node_modules/npm/node_modules/request/request.js:963:12)
41 verbose statusCode 403
42 verbose pkgid lari-select
43 verbose cwd /Users/ably/code/npm/packages/lari-select
44 error Darwin 15.6.0
45 error argv "/usr/local/Cellar/node/5.3.0/bin/node" "/usr/local/bin/npm" "publish" "./"
46 error node v5.3.0
47 error npm  v3.8.6
48 error code E403
49 error "You cannot publish over the previously published version 0.0.1." : lari-select
50 error If you need help, you may report this error at:
50 error     <https://github.com/npm/npm/issues>
51 verbose exit [ 1, true ]
